Determining if the pthread_create exist failed with the following output:
Change Dir: /home/hena/caffe-ocr/buildcmake/CMakeFiles/CMakeTmp

Run Build Command:"/usr/bin/make" "cmTC_f78fe/fast"
/usr/bin/make -f CMakeFiles/cmTC_f78fe.dir/build.make CMakeFiles/cmTC_f78fe.dir/build
make[1]: Entering directory '/home/hena/caffe-ocr/buildcmake/CMakeFiles/CMakeTmp'
Building C object CMakeFiles/cmTC_f78fe.dir/CheckSymbolExists.c.o
/usr/bin/cc     -o CMakeFiles/cmTC_f78fe.dir/CheckSymbolExists.c.o   -c /home/hena/caffe-ocr/buildcmake/CMakeFiles/CMakeTmp/CheckSymbolExists.c
Linking C executable cmTC_f78fe
/usr/bin/cmake -E cmake_link_script CMakeFiles/cmTC_f78fe.dir/link.txt --verbose=1
/usr/bin/cc       CMakeFiles/cmTC_f78fe.dir/CheckSymbolExists.c.o  -o cmTC_f78fe -rdynamic 
CMakeFiles/cmTC_f78fe.dir/CheckSymbolExists.c.o：在函数‘main’中：
CheckSymbolExists.c:(.text+0x16)：对‘pthread_create’未定义的引用
collect2: error: ld returned 1 exit status
CMakeFiles/cmTC_f78fe.dir/build.make:97: recipe for target 'cmTC_f78fe' failed
make[1]: *** [cmTC_f78fe] Error 1
make[1]: Leaving directory '/home/hena/caffe-ocr/buildcmake/CMakeFiles/CMakeTmp'
Makefile:126: recipe for target 'cmTC_f78fe/fast' failed
make: *** [cmTC_f78fe/fast] Error 2

File /home/hena/caffe-ocr/buildcmake/CMakeFiles/CMakeTmp/CheckSymbolExists.c:
/* */
#include <pthread.h>

int main(int argc, char** argv)
{
  (void)argv;
#ifndef pthread_create
  return ((int*)(&pthread_create))[argc];
#else
  (void)argc;
  return 0;
#endif
}

Determining if the function pthread_create exists in the pthreads failed with the following output:
Change Dir: /home/hena/caffe-ocr/buildcmake/CMakeFiles/CMakeTmp

Run Build Command:"/usr/bin/make" "cmTC_e839c/fast"
/usr/bin/make -f CMakeFiles/cmTC_e839c.dir/build.make CMakeFiles/cmTC_e839c.dir/build
make[1]: Entering directory '/home/hena/caffe-ocr/buildcmake/CMakeFiles/CMakeTmp'
Building C object CMakeFiles/cmTC_e839c.dir/CheckFunctionExists.c.o
/usr/bin/cc    -DCHECK_FUNCTION_EXISTS=pthread_create   -o CMakeFiles/cmTC_e839c.dir/CheckFunctionExists.c.o   -c /usr/share/cmake-3.5/Modules/CheckFunctionExists.c
Linking C executable cmTC_e839c
/usr/bin/cmake -E cmake_link_script CMakeFiles/cmTC_e839c.dir/link.txt --verbose=1
/usr/bin/cc   -DCHECK_FUNCTION_EXISTS=pthread_create    CMakeFiles/cmTC_e839c.dir/CheckFunctionExists.c.o  -o cmTC_e839c -rdynamic -lpthreads 
/usr/bin/ld: 找不到 -lpthreads
collect2: error: ld returned 1 exit status
CMakeFiles/cmTC_e839c.dir/build.make:97: recipe for target 'cmTC_e839c' failed
make[1]: *** [cmTC_e839c] Error 1
make[1]: Leaving directory '/home/hena/caffe-ocr/buildcmake/CMakeFiles/CMakeTmp'
Makefile:126: recipe for target 'cmTC_e839c/fast' failed
make: *** [cmTC_e839c/fast] Error 2


